[debug] [2023-09-25T11:12:09.306Z] ----------------------------------------------------------------------
[debug] [2023-09-25T11:12:09.308Z] Command:       C:\Program Files\nodejs\node.exe C:\Users\Orion\AppData\Roaming\npm\node_modules\firebase-tools\lib\bin\firebase.js init
[debug] [2023-09-25T11:12:09.308Z] CLI Version:   12.5.4
[debug] [2023-09-25T11:12:09.308Z] Platform:      win32
[debug] [2023-09-25T11:12:09.309Z] Node Version:  v18.16.1
[debug] [2023-09-25T11:12:09.309Z] Time:          Mon Sep 25 2023 16:42:09 GMT+0530 (India Standard Time)
[debug] [2023-09-25T11:12:09.309Z] ----------------------------------------------------------------------
[debug] 
[debug] [2023-09-25T11:12:09.316Z] > command requires scopes: ["email","openid","https://www.googleapis.com/auth/cloudplatformprojects.readonly","https://www.googleapis.com/auth/firebase","https://www.googleapis.com/auth/cloud-platform"]
[debug] [2023-09-25T11:12:09.316Z] > authorizing via signed-in user (shaikhshizan1181@gmail.com)
[info] 
     ######## #### ########  ######## ########     ###     ######  ########
     ##        ##  ##     ## ##       ##     ##  ##   ##  ##       ##
     ######    ##  ########  ######   ########  #########  ######  ######
     ##        ##  ##    ##  ##       ##     ## ##     ##       ## ##
     ##       #### ##     ## ######## ########  ##     ##  ######  ########

You're about to initialize a Firebase project in this directory:

  D:\final-orion-crm\orion-crm\server

[info] 
=== Project Setup
[info] 
[info] First, let's associate this project directory with a Firebase project.
[info] You can create multiple project aliases by running firebase use --add, 
[info] but for now we'll just set up a default project.
[info] 
[debug] [2023-09-25T11:12:34.194Z] > refreshing access token with scopes: []
[debug] [2023-09-25T11:12:34.196Z] >>> [apiv2][query] POST https://www.googleapis.com/oauth2/v3/token [none]
[debug] [2023-09-25T11:12:34.196Z] >>> [apiv2][body] POST https://www.googleapis.com/oauth2/v3/token [omitted]
[debug] [2023-09-25T11:12:34.482Z] <<< [apiv2][status] POST https://www.googleapis.com/oauth2/v3/token 200
[debug] [2023-09-25T11:12:34.483Z] <<< [apiv2][body] POST https://www.googleapis.com/oauth2/v3/token [omitted]
[debug] [2023-09-25T11:12:34.493Z] >>> [apiv2][query] GET https://firebase.googleapis.com/v1beta1/projects pageSize=100
[debug] [2023-09-25T11:12:35.255Z] <<< [apiv2][status] GET https://firebase.googleapis.com/v1beta1/projects 200
[debug] [2023-09-25T11:12:35.255Z] <<< [apiv2][body] GET https://firebase.googleapis.com/v1beta1/projects [omitted]
[info] i  Using project orion-crm-bs (orion-crm-bs) 
[info] 
=== Hosting Setup
[info] 
[info] Your public directory is the folder (relative to your project directory) that
[info] will contain Hosting assets to be uploaded with firebase deploy. If you
[info] have a build process for your assets, use your build's output directory.
[info] 
[info] +  Wrote public/404.html 
[debug] [2023-09-25T11:13:11.570Z] >>> [apiv2][query] GET https://www.gstatic.com/firebasejs/releases.json [none]
[debug] [2023-09-25T11:13:11.694Z] <<< [apiv2][status] GET https://www.gstatic.com/firebasejs/releases.json 200
[debug] [2023-09-25T11:13:11.695Z] <<< [apiv2][body] GET https://www.gstatic.com/firebasejs/releases.json {"current":{"version":"10.4.0","browserURL":"https://www.gstatic.com/firebasejs/10.4.0/firebase.js","packageURL":"https://www.gstatic.com/firebasejs/10.4.0/firebase.tgz"},"live":{"version":"10.4","browserURL":"https://www.gstatic.com/firebasejs/live/10.4/firebase.js","packageURL":"https://www.gstatic.com/firebasejs/live/10.4/firebase.tgz"},"components":{"analytics":"https://www.gstatic.com/firebasejs/10.4.0/firebase-analytics.js","app":"https://www.gstatic.com/firebasejs/10.4.0/firebase-app.js","app-check":"https://www.gstatic.com/firebasejs/10.4.0/firebase-app-check.js","auth":"https://www.gstatic.com/firebasejs/10.4.0/firebase-auth.js","auth/cordova":"https://www.gstatic.com/firebasejs/10.4.0/firebase-auth/cordova.js","functions":"https://www.gstatic.com/firebasejs/10.4.0/firebase-functions.js","firestore":"https://www.gstatic.com/firebasejs/10.4.0/firebase-firestore.js","firestore/lite":"https://www.gstatic.com/firebasejs/10.4.0/firebase-firestore/lite.js","installations":"https://www.gstatic.com/firebasejs/10.4.0/firebase-installations.js","storage":"https://www.gstatic.com/firebasejs/10.4.0/firebase-storage.js","performance":"https://www.gstatic.com/firebasejs/10.4.0/firebase-performance.js","remote-config":"https://www.gstatic.com/firebasejs/10.4.0/firebase-remote-config.js","messaging":"https://www.gstatic.com/firebasejs/10.4.0/firebase-messaging.js","messaging/sw":"https://www.gstatic.com/firebasejs/10.4.0/firebase-messaging/sw.js","database":"https://www.gstatic.com/firebasejs/10.4.0/firebase-database.js","firestore.memory":"https://www.gstatic.com/firebasejs/10.4.0/firebase-firestore.memory.js"}}
[info] +  Wrote public/index.html 
[info] 
[info] i  Detected a .git folder at D:\final-orion-crm\orion-crm\server 
[info] i  Authorizing with GitHub to upload your service account to a GitHub repository's secrets store. 
[info] 
[info] Visit this URL on this device to log in:
[info] https://github.com/login/oauth/authorize?client_id=89cf50f02ac6aaed3484&state=969725826&redirect_uri=http%3A%2F%2Flocalhost%3A9005&scope=read%3Auser%20repo%20public_repo
[info] 
[info] Waiting for authentication...
[debug] [2023-09-25T11:14:19.003Z] >>> [apiv2][query] POST https://github.com/login/oauth/access_token [none]
[debug] [2023-09-25T11:14:19.004Z] >>> [apiv2][body] POST https://github.com/login/oauth/access_token [stream]
[debug] [2023-09-25T11:14:19.350Z] <<< [apiv2][status] POST https://github.com/login/oauth/access_token 200
[debug] [2023-09-25T11:14:19.350Z] <<< [apiv2][body] POST https://github.com/login/oauth/access_token {"access_token":"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","token_type":"bearer","scope":"read:user,repo"}
[debug] [2023-09-25T11:14:19.354Z] >>> [apiv2][query] GET https://api.github.com/user [none]
[debug] [2023-09-25T11:14:19.697Z] <<< [apiv2][status] GET https://api.github.com/user 200
[debug] [2023-09-25T11:14:19.697Z] <<< [apiv2][body] GET https://api.github.com/user {"login":"therealshizan","id":51877872,"node_id":"MDQ6VXNlcjUxODc3ODcy","avatar_url":"https://avatars.githubusercontent.com/u/51877872?v=4","gravatar_id":"","url":"https://api.github.com/users/therealshizan","html_url":"https://github.com/therealshizan","followers_url":"https://api.github.com/users/therealshizan/followers","following_url":"https://api.github.com/users/therealshizan/following{/other_user}","gists_url":"https://api.github.com/users/therealshizan/gists{/gist_id}","starred_url":"https://api.github.com/users/therealshizan/starred{/owner}{/repo}","subscriptions_url":"https://api.github.com/users/therealshizan/subscriptions","organizations_url":"https://api.github.com/users/therealshizan/orgs","repos_url":"https://api.github.com/users/therealshizan/repos","events_url":"https://api.github.com/users/therealshizan/events{/privacy}","received_events_url":"https://api.github.com/users/therealshizan/received_events","type":"User","site_admin":false,"name":"Shizan Shaikh","company":null,"blog":"","location":null,"email":null,"hireable":true,"bio":null,"twitter_username":null,"public_repos":14,"public_gists":0,"followers":0,"following":2,"created_at":"2019-06-16T10:25:44Z","updated_at":"2023-09-22T06:20:28Z","private_gists":0,"total_private_repos":3,"owned_private_repos":3,"disk_usage":14026,"collaborators":0,"two_factor_authentication":false,"plan":{"name":"free","space":976562499,"collaborators":0,"private_repos":10000}}
[info] 
[info] +  Success! Logged into GitHub as therealshizan 
[info] 
[debug] [2023-09-25T11:14:32.117Z] >>> [apiv2][query] GET https://api.github.com/repos/repository/actions/secrets/public-key type=owner
[debug] [2023-09-25T11:14:32.535Z] <<< [apiv2][status] GET https://api.github.com/repos/repository/actions/secrets/public-key 404
[debug] [2023-09-25T11:14:32.535Z] <<< [apiv2][body] GET https://api.github.com/repos/repository/actions/secrets/public-key {"message":"Not Found","documentation_url":"https://docs.github.com/rest"}
[info] 
[info] 
[error] !  The provided authorization cannot be used with this repository. If this repository is in an organization, did you remember to grant access? 
[info] 
[info] i  Action required: Visit this URL to ensure access has been granted to the appropriate organization(s) for the Firebase CLI GitHub OAuth App: 
[info] https://github.com/settings/connections/applications/89cf50f02ac6aaed3484
[info] 
[debug] [2023-09-25T11:14:55.285Z] >>> [apiv2][query] GET https://api.github.com/repos/repository/actions/secrets/public-key type=owner
[debug] [2023-09-25T11:14:55.596Z] <<< [apiv2][status] GET https://api.github.com/repos/repository/actions/secrets/public-key 404
[debug] [2023-09-25T11:14:55.596Z] <<< [apiv2][body] GET https://api.github.com/repos/repository/actions/secrets/public-key {"message":"Not Found","documentation_url":"https://docs.github.com/rest"}
[info] 
[info] 
[error] !  The provided authorization cannot be used with this repository. If this repository is in an organization, did you remember to grant access? 
[info] 
[info] i  Action required: Visit this URL to ensure access has been granted to the appropriate organization(s) for the Firebase CLI GitHub OAuth App: 
[info] https://github.com/settings/connections/applications/89cf50f02ac6aaed3484
[info] 
[debug] [2023-09-25T11:15:12.518Z] >>> [apiv2][query] GET https://api.github.com/repos/repository/actions/secrets/public-key type=owner
[debug] [2023-09-25T11:15:12.790Z] <<< [apiv2][status] GET https://api.github.com/repos/repository/actions/secrets/public-key 401
[debug] [2023-09-25T11:15:12.790Z] <<< [apiv2][body] GET https://api.github.com/repos/repository/actions/secrets/public-key {"message":"Bad credentials","documentation_url":"https://docs.github.com/rest"}
[debug] [2023-09-25T11:15:52.530Z] >>> [apiv2][query] GET https://api.github.com/repos/mockapi/actions/secrets/public-key type=owner
[debug] [2023-09-25T11:15:52.811Z] <<< [apiv2][status] GET https://api.github.com/repos/mockapi/actions/secrets/public-key 401
[debug] [2023-09-25T11:15:52.812Z] <<< [apiv2][body] GET https://api.github.com/repos/mockapi/actions/secrets/public-key {"message":"Bad credentials","documentation_url":"https://docs.github.com/rest"}
[debug] [2023-09-25T11:15:58.898Z] >>> [apiv2][query] GET https://api.github.com/repos//actions/secrets/public-key type=owner
[debug] [2023-09-25T11:15:59.173Z] <<< [apiv2][status] GET https://api.github.com/repos//actions/secrets/public-key 401
[debug] [2023-09-25T11:15:59.173Z] <<< [apiv2][body] GET https://api.github.com/repos//actions/secrets/public-key {"message":"Bad credentials","documentation_url":"https://docs.github.com/rest"}
[debug] [2023-09-25T11:16:28.972Z] >>> [apiv2][query] GET https://api.github.com/repos/therealshizan/orion-crm/actions/secrets/public-key type=owner
[debug] [2023-09-25T11:16:30.980Z] <<< [apiv2][status] GET https://api.github.com/repos/therealshizan/orion-crm/actions/secrets/public-key 401
[debug] [2023-09-25T11:16:30.980Z] <<< [apiv2][body] GET https://api.github.com/repos/therealshizan/orion-crm/actions/secrets/public-key {"message":"Bad credentials","documentation_url":"https://docs.github.com/rest"}
[debug] [2023-09-25T11:16:58.714Z] >>> [apiv2][query] GET https://api.github.com/repos/therealshizan/orion-crm/actions/secrets/public-key type=owner
[debug] [2023-09-25T11:16:59.378Z] <<< [apiv2][status] GET https://api.github.com/repos/therealshizan/orion-crm/actions/secrets/public-key 401
[debug] [2023-09-25T11:16:59.378Z] <<< [apiv2][body] GET https://api.github.com/repos/therealshizan/orion-crm/actions/secrets/public-key {"message":"Bad credentials","documentation_url":"https://docs.github.com/rest"}
